<?xml version="1.0" encoding="UTF-8"?>
<!-- Generated by org.testng.reporters.JUnitXMLReporter -->
<testsuite ignored="0" hostname="DESKTOP-H2OANQ6" failures="1" tests="5" name="firefoxtest" time="36.839" errors="0" timestamp="2026-06-11T17:16:54 IST">
  <testcase classname="testCases_Auth.AUT_01_LoginTest" name="verify_login" time="3.517"/>
  <testcase classname="testCases_Auth.AUT_02_Invalid_OTP" name="verify_invalid_login" time="1.523"/>
  <testcase classname="testCases_Auth.AUT_05_Unregistered_Email" name="verify_Unregistered_Email" time="2.463">
    <failure type="java.lang.AssertionError" message="expected [true] but found [false]">
      <![CDATA[java.lang.AssertionError: expected [true] but found [false]
at testCases_Auth.AUT_05_Unregistered_Email.verify_Unregistered_Email(AUT_05_Unregistered_Email.java:28)
at java.base/java.util.ArrayList.forEach(ArrayList.java:1596)
at java.base/java.util.concurrent.FutureTask.run(FutureTask.java:317)
at java.base/java.util.concurrent.ThreadPoolExecutor.runWorker(ThreadPoolExecutor.java:1144)
at java.base/java.util.concurrent.ThreadPoolExecutor$Worker.run(ThreadPoolExecutor.java:642)
at java.base/java.lang.Thread.run(Thread.java:1583)
... Removed 19 stack frames]]>
    </failure>
  </testcase> <!-- verify_Unregistered_Email -->
  <testcase classname="testCases_Auth.AUT_06_Page_Refresh" name="verify_Page_Refresh" time="5.068"/>
  <testcase classname="testCases_Auth.AUT_07_Logout_clears" name="verify_Logout_clears" time="9.045"/>
</testsuite> <!-- firefoxtest -->
